[2026-04-17 18:52:40] [COMPLETED] fdd52c22-119b-492b-8650-216abf191e8a, 2262
[2026-04-17 18:52:41] [COMPLETED] 096a5214-bfe5-46d5-8f37-058b94c95d51, 21
[2026-04-17 18:52:41] [COMPLETED] 35f368bc-4a2a-4811-a810-b8059f9db332, 1229
[2026-04-17 18:52:41] [COMPLETED] 27479dc5-9c01-4ba2-9681-7fb64e9c7718, 3557
[2026-04-17 18:52:42] [FAILED] f9fd9f01-d782-4c87-af0c-fdb27ad7fe63, Job execution exceeded 2 seconds.
[2026-04-17 18:52:42] [FAILED] 8812be63-afd4-4bfa-8c9c-a7c2fbe1843b, Job execution exceeded 2 seconds.
[2026-04-17 18:52:44] [FAILED] 160cd141-92bf-47c7-8ac8-d54a6e3983ff, Timeout acquiring threads.
[2026-04-17 18:52:44] [COMPLETED] 8cb90ba8-30f0-451e-9819-0118956c6f35, 12
[2026-04-17 18:52:46] [FAILED] f9fd9f01-d782-4c87-af0c-fdb27ad7fe63, Job execution exceeded 2 seconds.
[2026-04-17 18:52:46] [FAILED] 160cd141-92bf-47c7-8ac8-d54a6e3983ff, Timeout acquiring threads.
[2026-04-17 18:52:46] [FAILED] befb76f7-7669-4aef-b9cd-285cefb103de, Timeout acquiring threads.
[2026-04-17 18:52:46] [FAILED] 8812be63-afd4-4bfa-8c9c-a7c2fbe1843b, Job execution exceeded 2 seconds.
[2026-04-17 18:52:48] [ABORT] f9fd9f01-d782-4c87-af0c-fdb27ad7fe63, Could not acquire threads after 3 attempts.
[2026-04-17 18:52:48] [ABORT] 160cd141-92bf-47c7-8ac8-d54a6e3983ff, Could not acquire threads after 3 attempts.
[2026-04-17 18:52:48] [ABORT] 8812be63-afd4-4bfa-8c9c-a7c2fbe1843b, Could not acquire threads after 3 attempts.
[2026-04-17 18:52:48] [FAILED] befb76f7-7669-4aef-b9cd-285cefb103de, Timeout acquiring threads.
[2026-04-17 18:52:48] [FAILED] 16ffba84-d5ed-4cca-83dc-1cc42b5a5e6f, Timeout acquiring threads.
[2026-04-17 18:52:48] [COMPLETED] befb76f7-7669-4aef-b9cd-285cefb103de, 3054
[2026-04-17 18:52:50] [FAILED] 9e5394e8-f096-4cd0-be4a-46e751937e8a, Job execution exceeded 2 seconds.
[2026-04-17 18:52:50] [FAILED] 56709b02-5dff-41d2-a422-1ee880077848, Job execution exceeded 2 seconds.
[2026-04-17 18:52:50] [FAILED] 0aad7926-f876-4cf5-b4a3-5fae476a1f20, Job execution exceeded 2 seconds.
[2026-04-17 18:52:51] [COMPLETED] 0beb07f1-38de-46a0-957b-82c742962455, 13
[2026-04-17 18:52:52] [FAILED] 56709b02-5dff-41d2-a422-1ee880077848, Timeout acquiring threads.
[2026-04-17 18:52:52] [FAILED] 0aad7926-f876-4cf5-b4a3-5fae476a1f20, Timeout acquiring threads.
[2026-04-17 18:52:52] [FAILED] 9e5394e8-f096-4cd0-be4a-46e751937e8a, Timeout acquiring threads.
[2026-04-17 18:52:53] [FAILED] 16ffba84-d5ed-4cca-83dc-1cc42b5a5e6f, Timeout acquiring threads.
[2026-04-17 18:52:53] [COMPLETED] bd803c6b-5eef-4075-a636-e5ebe3c7a232, 60
[2026-04-17 18:52:55] [ABORT] 9e5394e8-f096-4cd0-be4a-46e751937e8a, Job execution exceeded 2 seconds.
[2026-04-17 18:52:55] [ABORT] 56709b02-5dff-41d2-a422-1ee880077848, Job execution exceeded 2 seconds.
[2026-04-17 18:52:55] [ABORT] 0aad7926-f876-4cf5-b4a3-5fae476a1f20, Job execution exceeded 2 seconds.
[2026-04-17 18:52:55] [COMPLETED] c0f166ff-fcbc-4be0-97e8-a316122e8eab, 2431
[2026-04-17 18:52:57] [FAILED] cf178aaf-f71e-4a10-b7ef-70719662f683, Timeout acquiring threads.
[2026-04-17 18:52:57] [FAILED] d0b44b53-af3e-4b87-b141-f5cab416ff98, Timeout acquiring threads.
[2026-04-17 18:52:57] [ABORT] 16ffba84-d5ed-4cca-83dc-1cc42b5a5e6f, Could not acquire threads after 3 attempts.
[2026-04-17 18:52:57] [COMPLETED] fbbe64e3-b251-41cf-bd9f-609ff799380c, 4807
[2026-04-17 18:52:59] [FAILED] 7f073534-298c-4538-93c3-2412eefb630c, Timeout acquiring threads.
[2026-04-17 18:52:59] [FAILED] c87fdd63-24c7-413e-b14a-0e89d874122f, Timeout acquiring threads.
[2026-04-17 18:53:01] [COMPLETED] 5e322b77-7821-4aed-a2ad-ead1e0425970, 27
[2026-04-17 18:53:01] [FAILED] d0b44b53-af3e-4b87-b141-f5cab416ff98, Timeout acquiring threads.
[2026-04-17 18:53:01] [FAILED] c87fdd63-24c7-413e-b14a-0e89d874122f, Timeout acquiring threads.
[2026-04-17 18:53:03] [FAILED] b8c06e6c-a925-42b9-bdf9-7570cbd16dd2, Timeout acquiring threads.
[2026-04-17 18:53:03] [FAILED] cf178aaf-f71e-4a10-b7ef-70719662f683, Timeout acquiring threads.
[2026-04-17 18:53:05] [ABORT] d0b44b53-af3e-4b87-b141-f5cab416ff98, Could not acquire threads after 3 attempts.
[2026-04-17 18:53:05] [FAILED] 7f073534-298c-4538-93c3-2412eefb630c, Timeout acquiring threads.
[2026-04-17 18:53:07] [ABORT] 7f073534-298c-4538-93c3-2412eefb630c, Could not acquire threads after 3 attempts.
[2026-04-17 18:53:07] [FAILED] 9b005d84-9448-452e-aaeb-158422a2b520, Timeout acquiring threads.
[2026-04-17 18:53:07] [ABORT] c87fdd63-24c7-413e-b14a-0e89d874122f, Could not acquire threads after 3 attempts.
[2026-04-17 18:53:07] [FAILED] b8c06e6c-a925-42b9-bdf9-7570cbd16dd2, Job execution exceeded 2 seconds.
[2026-04-17 18:53:09] [ABORT] cf178aaf-f71e-4a10-b7ef-70719662f683, Could not acquire threads after 3 attempts.
[2026-04-17 18:53:09] [COMPLETED] dc3f8dcf-dcff-4d54-af82-2c283f835a29, 3233
[2026-04-17 18:53:10] [COMPLETED] b61b11aa-922a-44ca-917e-9bf9f914ce93, 51
[2026-04-17 18:53:11] [ABORT] b8c06e6c-a925-42b9-bdf9-7570cbd16dd2, Job execution exceeded 2 seconds.
[2026-04-17 18:53:11] [FAILED] 9b005d84-9448-452e-aaeb-158422a2b520, Job execution exceeded 2 seconds.
[2026-04-17 18:53:11] [FAILED] c283534e-dda3-4437-8759-7b9d7fcd10b6, Job execution exceeded 2 seconds.
[2026-04-17 18:53:11] [FAILED] cda02b57-36c8-4e1f-af05-bc8b94d28a01, Job execution exceeded 2 seconds.
[2026-04-17 18:53:13] [FAILED] e09c9c32-288b-42a4-bc29-da07d3cf3928, Timeout acquiring threads.
[2026-04-17 18:53:13] [ABORT] 9b005d84-9448-452e-aaeb-158422a2b520, Could not acquire threads after 3 attempts.
[2026-04-17 18:53:13] [FAILED] a81af53e-60d6-4928-9105-5add39b27e71, Timeout acquiring threads.
[2026-04-17 18:53:15] [FAILED] c283534e-dda3-4437-8759-7b9d7fcd10b6, Job execution exceeded 2 seconds.
[2026-04-17 18:53:15] [FAILED] cda02b57-36c8-4e1f-af05-bc8b94d28a01, Job execution exceeded 2 seconds.
[2026-04-17 18:53:15] [FAILED] e09c9c32-288b-42a4-bc29-da07d3cf3928, Job execution exceeded 2 seconds.
[2026-04-17 18:53:15] [FAILED] a5c36582-3ecf-4d7a-ba23-7a4452326259, Job execution exceeded 2 seconds.
[2026-04-17 18:53:17] [ABORT] e09c9c32-288b-42a4-bc29-da07d3cf3928, Could not acquire threads after 3 attempts.
[2026-04-17 18:53:17] [FAILED] a5c36582-3ecf-4d7a-ba23-7a4452326259, Timeout acquiring threads.
[2026-04-17 18:53:17] [FAILED] a81af53e-60d6-4928-9105-5add39b27e71, Timeout acquiring threads.
[2026-04-17 18:53:19] [FAILED] 6acafe88-9444-46e9-a847-4cb62e303ab6, Timeout acquiring threads.
[2026-04-17 18:53:19] [ABORT] cda02b57-36c8-4e1f-af05-bc8b94d28a01, Job execution exceeded 2 seconds.
[2026-04-17 18:53:19] [ABORT] c283534e-dda3-4437-8759-7b9d7fcd10b6, Job execution exceeded 2 seconds.
[2026-04-17 18:53:21] [ABORT] a81af53e-60d6-4928-9105-5add39b27e71, Could not acquire threads after 3 attempts.
[2026-04-17 18:53:21] [FAILED] 6acafe88-9444-46e9-a847-4cb62e303ab6, Timeout acquiring threads.
[2026-04-17 18:53:21] [ABORT] a5c36582-3ecf-4d7a-ba23-7a4452326259, Job execution exceeded 2 seconds.
[2026-04-17 18:53:21] [COMPLETED] 01d8a3f2-285f-45c3-a337-2da8340d6257, 1093
[2026-04-17 18:53:23] [FAILED] c97fdd32-8414-4d86-b755-8a60dac1257f, Timeout acquiring threads.
[2026-04-17 18:53:23] [FAILED] d5966f87-e554-4ad2-9571-7fb669d0db56, Timeout acquiring threads.
[2026-04-17 18:53:25] [FAILED] ddab08a3-54b0-4522-82e2-2b7f296039c2, Timeout acquiring threads.
[2026-04-17 18:53:25] [FAILED] 6530c916-f68a-49e3-baa3-bab80e455fc0, Timeout acquiring threads.
[2026-04-17 18:53:25] [FAILED] d5966f87-e554-4ad2-9571-7fb669d0db56, Timeout acquiring threads.
[2026-04-17 18:53:27] [FAILED] ddab08a3-54b0-4522-82e2-2b7f296039c2, Timeout acquiring threads.
[2026-04-17 18:53:27] [FAILED] 6530c916-f68a-49e3-baa3-bab80e455fc0, Timeout acquiring threads.
[2026-04-17 18:53:27] [FAILED] c97fdd32-8414-4d86-b755-8a60dac1257f, Timeout acquiring threads.
[2026-04-17 18:53:27] [ABORT] d5966f87-e554-4ad2-9571-7fb669d0db56, Could not acquire threads after 3 attempts.
[2026-04-17 18:53:29] [ABORT] 6acafe88-9444-46e9-a847-4cb62e303ab6, Could not acquire threads after 3 attempts.
[2026-04-17 18:53:30] [COMPLETED] 43ba86be-348d-43b6-8bd8-435992a8bdc7, 65
[2026-04-17 18:53:31] [ABORT] c97fdd32-8414-4d86-b755-8a60dac1257f, Could not acquire threads after 3 attempts.
[2026-04-17 18:53:31] [FAILED] de5690ad-3a68-4f5f-aded-c08dfc0f0d7e, Timeout acquiring threads.
[2026-04-17 18:53:32] [FAILED] 05c76a75-91bb-4540-843f-f53940e2a1cb, Timeout acquiring threads.
[2026-04-17 18:53:32] [ABORT] ddab08a3-54b0-4522-82e2-2b7f296039c2, Could not acquire threads after 3 attempts.
[2026-04-17 18:53:32] [COMPLETED] 6530c916-f68a-49e3-baa3-bab80e455fc0, 2895
[2026-04-17 18:53:34] [COMPLETED] 05c76a75-91bb-4540-843f-f53940e2a1cb, 18
[2026-04-17 18:53:34] [FAILED] 9f55cedf-c6ac-4419-8b29-2165b6322c50, Timeout acquiring threads.
[2026-04-17 18:53:34] [COMPLETED] ba67fdc2-9352-4288-8e2e-acce520fbd8b, 12
[2026-04-17 18:53:35] [COMPLETED] f610f7c6-a50a-4d29-876d-dc067f56daf0, 6
[2026-04-17 18:53:35] [COMPLETED] de5690ad-3a68-4f5f-aded-c08dfc0f0d7e, 2483
[2026-04-17 18:53:37] [FAILED] 6328800c-11c3-40d7-a20f-c8b25c5e4f23, Timeout acquiring threads.
[2026-04-17 18:53:37] [FAILED] 860c0a79-392b-4075-add9-cf4cd8958fe5, Timeout acquiring threads.
[2026-04-17 18:53:37] [FAILED] 2b690186-b3bf-419a-8d0b-aa9370f028d0, Job execution exceeded 2 seconds.
[2026-04-17 18:53:39] [FAILED] c0ae9c19-cb12-4c8a-b9d4-d91eda61a730, Timeout acquiring threads.
[2026-04-17 18:53:39] [FAILED] 860c0a79-392b-4075-add9-cf4cd8958fe5, Timeout acquiring threads.
[2026-04-17 18:53:39] [FAILED] 6328800c-11c3-40d7-a20f-c8b25c5e4f23, Timeout acquiring threads.
[2026-04-17 18:53:39] [FAILED] 2b690186-b3bf-419a-8d0b-aa9370f028d0, Timeout acquiring threads.
[2026-04-17 18:53:41] [FAILED] c0ae9c19-cb12-4c8a-b9d4-d91eda61a730, Timeout acquiring threads.
[2026-04-17 18:53:41] [FAILED] 9f55cedf-c6ac-4419-8b29-2165b6322c50, Timeout acquiring threads.
[2026-04-17 18:53:43] [ABORT] c0ae9c19-cb12-4c8a-b9d4-d91eda61a730, Could not acquire threads after 3 attempts.
[2026-04-17 18:53:43] [ABORT] 6328800c-11c3-40d7-a20f-c8b25c5e4f23, Could not acquire threads after 3 attempts.
[2026-04-17 18:53:43] [ABORT] 9f55cedf-c6ac-4419-8b29-2165b6322c50, Could not acquire threads after 3 attempts.
[2026-04-17 18:53:43] [ABORT] 2b690186-b3bf-419a-8d0b-aa9370f028d0, Job execution exceeded 2 seconds.
[2026-04-17 18:53:45] [FAILED] 8b00a293-96c0-4a3b-a324-b999f86cc0dd, Timeout acquiring threads.
[2026-04-17 18:53:45] [FAILED] 1df3f7e9-ed3b-47f0-b46d-3d71369b0e7c, Timeout acquiring threads.
[2026-04-17 18:53:45] [FAILED] f5c34ede-5a2e-425d-b71d-f646ed44f34f, Timeout acquiring threads.
[2026-04-17 18:53:45] [ABORT] 860c0a79-392b-4075-add9-cf4cd8958fe5, Could not acquire threads after 3 attempts.
[2026-04-17 18:53:45] [COMPLETED] 927126ce-b2ec-44c7-a319-5740b269c15d, 1667
[2026-04-17 18:53:46] [COMPLETED] f5c34ede-5a2e-425d-b71d-f646ed44f34f, 36
[2026-04-17 18:53:47] [COMPLETED] 8b00a293-96c0-4a3b-a324-b999f86cc0dd, 7
[2026-04-17 18:53:47] [FAILED] 1df3f7e9-ed3b-47f0-b46d-3d71369b0e7c, Job execution exceeded 2 seconds.
[2026-04-17 18:53:48] [COMPLETED] de23911a-72e4-4bec-9d08-a77f1178e6ab, 61
[2026-04-17 18:53:49] [FAILED] e1a6b4b7-24dc-474a-a3c0-c45a1837bea0, Timeout acquiring threads.
[2026-04-17 18:53:49] [FAILED] 3307ec41-5731-4d73-bf9a-b65b09968990, Job execution exceeded 2 seconds.
[2026-04-17 18:53:50] [COMPLETED] b5af8823-8b71-46a8-86d0-3cd368cf644d, 5
[2026-04-17 18:53:51] [ABORT] 1df3f7e9-ed3b-47f0-b46d-3d71369b0e7c, Job execution exceeded 2 seconds.
[2026-04-17 18:53:51] [FAILED] 3307ec41-5731-4d73-bf9a-b65b09968990, Timeout acquiring threads.
[2026-04-17 18:53:52] [FAILED] e1a6b4b7-24dc-474a-a3c0-c45a1837bea0, Timeout acquiring threads.
[2026-04-17 18:53:52] [FAILED] a931b745-3fb4-414d-a6e2-e1bbe19c1d59, Timeout acquiring threads.
[2026-04-17 18:53:53] [FAILED] a25a8ebd-de89-468b-845e-5e26df36cec5, Timeout acquiring threads.
[2026-04-17 18:53:53] [ABORT] 3307ec41-5731-4d73-bf9a-b65b09968990, Could not acquire threads after 3 attempts.
[2026-04-17 18:53:54] [FAILED] a931b745-3fb4-414d-a6e2-e1bbe19c1d59, Timeout acquiring threads.
[2026-04-17 18:53:54] [FAILED] ff4897c9-9b34-4ff7-9e25-44ae40d1bc07, Timeout acquiring threads.
[2026-04-17 18:53:54] [COMPLETED] 854ed54c-1fff-425e-a94c-6552142dd60e, 4595
[2026-04-17 18:53:54] [COMPLETED] a25a8ebd-de89-468b-845e-5e26df36cec5, 30
[2026-04-17 18:53:56] [FAILED] ff4897c9-9b34-4ff7-9e25-44ae40d1bc07, Timeout acquiring threads.
[2026-04-17 18:53:56] [ABORT] e1a6b4b7-24dc-474a-a3c0-c45a1837bea0, Could not acquire threads after 3 attempts.
[2026-04-17 18:53:56] [FAILED] cb1362b3-6753-42d3-8d7f-9c288c5efc3b, Timeout acquiring threads.
[2026-04-17 18:53:58] [FAILED] cb1362b3-6753-42d3-8d7f-9c288c5efc3b, Timeout acquiring threads.
[2026-04-17 18:53:58] [FAILED] 21120322-49ce-4872-b719-c9610ab14d23, Timeout acquiring threads.
[2026-04-17 18:53:58] [FAILED] 9cd33603-e88c-4de7-8fc6-73dc62590997, Job execution exceeded 2 seconds.
[2026-04-17 18:53:58] [ABORT] ff4897c9-9b34-4ff7-9e25-44ae40d1bc07, Could not acquire threads after 3 attempts.
[2026-04-17 18:54:00] [FAILED] 21120322-49ce-4872-b719-c9610ab14d23, Timeout acquiring threads.
[2026-04-17 18:54:00] [ABORT] cb1362b3-6753-42d3-8d7f-9c288c5efc3b, Could not acquire threads after 3 attempts.
[2026-04-17 18:54:00] [FAILED] 9cd33603-e88c-4de7-8fc6-73dc62590997, Timeout acquiring threads.
[2026-04-17 18:54:00] [ABORT] a931b745-3fb4-414d-a6e2-e1bbe19c1d59, Could not acquire threads after 3 attempts.
[2026-04-17 18:54:00] [COMPLETED] 59da15fe-8d83-4258-bf08-8ef690c952fb, 768
[2026-04-17 18:54:01] [COMPLETED] 21120322-49ce-4872-b719-c9610ab14d23, 87
[2026-04-17 18:54:01] [COMPLETED] 0bab335b-cfae-4999-9e8b-ed2401f6f567, 1556
[2026-04-17 18:54:01] [COMPLETED] d75f9672-7ad1-423b-824c-692e0333329f, 24
[2026-04-17 18:54:02] [ABORT] 9cd33603-e88c-4de7-8fc6-73dc62590997, Job execution exceeded 2 seconds.
[2026-04-17 18:54:03] [FAILED] a01cd540-d80a-4914-8445-2ee1c6e88d31, Timeout acquiring threads.
[2026-04-17 18:54:03] [FAILED] 3ae3cbbf-fd3b-497d-a694-9a2e5cfc05bf, Timeout acquiring threads.
[2026-04-17 18:54:03] [FAILED] a193853e-27cf-47e2-8448-ea2b02f93b32, Timeout acquiring threads.
[2026-04-17 18:54:05] [FAILED] efa8fd04-203e-470e-898f-8e2e4eb9fb1f, Timeout acquiring threads.
[2026-04-17 18:54:05] [FAILED] a193853e-27cf-47e2-8448-ea2b02f93b32, Timeout acquiring threads.
[2026-04-17 18:54:05] [FAILED] a01cd540-d80a-4914-8445-2ee1c6e88d31, Timeout acquiring threads.
[2026-04-17 18:54:05] [COMPLETED] 68bbc41f-b221-4703-9688-b8a773210819, 3940
[2026-04-17 18:54:05] [COMPLETED] 3ae3cbbf-fd3b-497d-a694-9a2e5cfc05bf, 2712
[2026-04-17 18:54:05] [COMPLETED] efa8fd04-203e-470e-898f-8e2e4eb9fb1f, 4414
[2026-04-17 18:54:05] [COMPLETED] a01cd540-d80a-4914-8445-2ee1c6e88d31, 1650
[2026-04-17 18:54:07] [FAILED] 945819ae-c9cf-44fd-b43f-11d4de42dffb, Timeout acquiring threads.
[2026-04-17 18:54:07] [ABORT] a193853e-27cf-47e2-8448-ea2b02f93b32, Could not acquire threads after 3 attempts.
[2026-04-17 18:54:07] [FAILED] 4ab7231b-c6f2-4271-982f-d968f6e3fba8, Job execution exceeded 2 seconds.
[2026-04-17 18:54:07] [FAILED] 6e50df55-0ca0-4e24-a03d-c97b2ef4fb30, Job execution exceeded 2 seconds.
[2026-04-17 18:54:07] [FAILED] 6c4c5275-362d-45fe-bbad-5950d1b21065, Job execution exceeded 2 seconds.
[2026-04-17 18:54:07] [COMPLETED] 928bea17-960d-4595-9f13-8373b7359dbe, 815
[2026-04-17 18:54:09] [FAILED] 10f41adb-f087-4f15-9b4c-0ee3aef82511, Job execution exceeded 2 seconds.
[2026-04-17 18:54:09] [FAILED] 4ab7231b-c6f2-4271-982f-d968f6e3fba8, Job execution exceeded 2 seconds.
[2026-04-17 18:54:09] [FAILED] 6e50df55-0ca0-4e24-a03d-c97b2ef4fb30, Job execution exceeded 2 seconds.
[2026-04-17 18:54:09] [FAILED] 6c4c5275-362d-45fe-bbad-5950d1b21065, Job execution exceeded 2 seconds.
[2026-04-17 18:54:09] [FAILED] 945819ae-c9cf-44fd-b43f-11d4de42dffb, Job execution exceeded 2 seconds.
[2026-04-17 18:54:11] [ABORT] 6e50df55-0ca0-4e24-a03d-c97b2ef4fb30, Job execution exceeded 2 seconds.
[2026-04-17 18:54:11] [FAILED] 10f41adb-f087-4f15-9b4c-0ee3aef82511, Job execution exceeded 2 seconds.
[2026-04-17 18:54:11] [ABORT] 945819ae-c9cf-44fd-b43f-11d4de42dffb, Job execution exceeded 2 seconds.
[2026-04-17 18:54:11] [ABORT] 6c4c5275-362d-45fe-bbad-5950d1b21065, Job execution exceeded 2 seconds.
[2026-04-17 18:54:11] [ABORT] 4ab7231b-c6f2-4271-982f-d968f6e3fba8, Job execution exceeded 2 seconds.
[2026-04-17 18:54:11] [COMPLETED] 2d424ff6-1734-4470-ba7a-934264f667c6, 2719
[2026-04-17 18:54:13] [FAILED] a37f955d-d396-4c5d-888f-ce7294d2c974, Timeout acquiring threads.
[2026-04-17 18:54:13] [FAILED] 24a2ae0d-9345-4805-a582-0537b30f4164, Timeout acquiring threads.
[2026-04-17 18:54:13] [ABORT] 10f41adb-f087-4f15-9b4c-0ee3aef82511, Job execution exceeded 2 seconds.
[2026-04-17 18:54:13] [FAILED] bc63ac7a-9b38-4aad-b4e6-7446bbd48780, Job execution exceeded 2 seconds.
[2026-04-17 18:54:13] [COMPLETED] 5e846f05-0b85-4b67-8bb3-0bd01321eb68, 4059
[2026-04-17 18:54:15] [COMPLETED] a37f955d-d396-4c5d-888f-ce7294d2c974, 38
[2026-04-17 18:54:15] [FAILED] f395e40e-4f3f-4d9b-9fca-58f5e1048376, Timeout acquiring threads.
[2026-04-17 18:54:15] [FAILED] 2957d173-003b-4c6f-b6c1-434513989b22, Job execution exceeded 2 seconds.
[2026-04-17 18:54:15] [FAILED] bc63ac7a-9b38-4aad-b4e6-7446bbd48780, Job execution exceeded 2 seconds.
[2026-04-17 18:54:17] [FAILED] f395e40e-4f3f-4d9b-9fca-58f5e1048376, Timeout acquiring threads.
[2026-04-17 18:54:17] [FAILED] 24a2ae0d-9345-4805-a582-0537b30f4164, Timeout acquiring threads.
[2026-04-17 18:54:19] [ABORT] 24a2ae0d-9345-4805-a582-0537b30f4164, Could not acquire threads after 3 attempts.
[2026-04-17 18:54:19] [ABORT] f395e40e-4f3f-4d9b-9fca-58f5e1048376, Could not acquire threads after 3 attempts.
[2026-04-17 18:54:19] [FAILED] dc533985-3592-4dca-b981-483b97c07553, Timeout acquiring threads.
[2026-04-17 18:54:19] [FAILED] 2957d173-003b-4c6f-b6c1-434513989b22, Job execution exceeded 2 seconds.
[2026-04-17 18:54:19] [ABORT] bc63ac7a-9b38-4aad-b4e6-7446bbd48780, Job execution exceeded 2 seconds.
[2026-04-17 18:54:21] [FAILED] 9d38232c-c6f4-4d3f-a77d-4082a1d80a10, Timeout acquiring threads.
[2026-04-17 18:54:21] [FAILED] dc533985-3592-4dca-b981-483b97c07553, Timeout acquiring threads.
[2026-04-17 18:54:21] [ABORT] 2957d173-003b-4c6f-b6c1-434513989b22, Could not acquire threads after 3 attempts.
[2026-04-17 18:54:21] [FAILED] b365f454-66e1-430f-a471-5b5cdf58ec16, Timeout acquiring threads.
[2026-04-17 18:54:21] [FAILED] eec55823-6f00-4eb6-8336-e5afa77cf51c, Job execution exceeded 2 seconds.
[2026-04-17 18:54:22] [COMPLETED] 9d38232c-c6f4-4d3f-a77d-4082a1d80a10, 41
[2026-04-17 18:54:23] [FAILED] d2eb0015-e4b4-4bb1-b315-b03f4c526d71, Timeout acquiring threads.
[2026-04-17 18:54:23] [FAILED] eec55823-6f00-4eb6-8336-e5afa77cf51c, Timeout acquiring threads.
[2026-04-17 18:54:23] [FAILED] b365f454-66e1-430f-a471-5b5cdf58ec16, Timeout acquiring threads.
[2026-04-17 18:54:24] [FAILED] d923f09d-89e1-4bc5-80ae-5d7c117b3932, Timeout acquiring threads.
[2026-04-17 18:54:24] [ABORT] dc533985-3592-4dca-b981-483b97c07553, Could not acquire threads after 3 attempts.
[2026-04-17 18:54:26] [FAILED] 6d6b61cb-127e-49dd-8045-5e2c5fc42b18, Timeout acquiring threads.
[2026-04-17 18:54:26] [FAILED] d923f09d-89e1-4bc5-80ae-5d7c117b3932, Timeout acquiring threads.
[2026-04-17 18:54:26] [FAILED] d2eb0015-e4b4-4bb1-b315-b03f4c526d71, Timeout acquiring threads.
[2026-04-17 18:54:26] [ABORT] eec55823-6f00-4eb6-8336-e5afa77cf51c, Job execution exceeded 2 seconds.
[2026-04-17 18:54:26] [COMPLETED] b365f454-66e1-430f-a471-5b5cdf58ec16, 2810
[2026-04-17 18:54:27] [COMPLETED] d923f09d-89e1-4bc5-80ae-5d7c117b3932, 5
[2026-04-17 18:54:28] [FAILED] 47584231-3ecc-4255-829c-3cbaeb86203f, Timeout acquiring threads.
[2026-04-17 18:54:28] [ABORT] d2eb0015-e4b4-4bb1-b315-b03f4c526d71, Could not acquire threads after 3 attempts.
[2026-04-17 18:54:29] [FAILED] 3ae4d7e6-cd95-4238-8089-60d62592045f, Timeout acquiring threads.
[2026-04-17 18:54:29] [COMPLETED] 6d6b61cb-127e-49dd-8045-5e2c5fc42b18, 4013
[2026-04-17 18:54:31] [FAILED] 81e076af-9b60-4078-a6f1-8eecf7acade8, Timeout acquiring threads.
[2026-04-17 18:54:31] [FAILED] 2f446b51-77b2-43e7-8ac7-4d4829b5ec20, Timeout acquiring threads.
[2026-04-17 18:54:31] [FAILED] 72505d75-a049-402f-8f6d-61bf1fcc6b0f, Timeout acquiring threads.
[2026-04-17 18:54:33] [FAILED] 2f446b51-77b2-43e7-8ac7-4d4829b5ec20, Timeout acquiring threads.
[2026-04-17 18:54:33] [FAILED] 72505d75-a049-402f-8f6d-61bf1fcc6b0f, Timeout acquiring threads.
[2026-04-17 18:54:33] [FAILED] 47584231-3ecc-4255-829c-3cbaeb86203f, Timeout acquiring threads.
[2026-04-17 18:54:35] [FAILED] 3ae4d7e6-cd95-4238-8089-60d62592045f, Timeout acquiring threads.
[2026-04-17 18:54:35] [FAILED] 81e076af-9b60-4078-a6f1-8eecf7acade8, Timeout acquiring threads.
[2026-04-17 18:54:35] [COMPLETED] 2f446b51-77b2-43e7-8ac7-4d4829b5ec20, 3925
[2026-04-17 18:54:37] [ABORT] 72505d75-a049-402f-8f6d-61bf1fcc6b0f, Could not acquire threads after 3 attempts.
[2026-04-17 18:54:37] [ABORT] 81e076af-9b60-4078-a6f1-8eecf7acade8, Could not acquire threads after 3 attempts.
[2026-04-17 18:54:37] [FAILED] 191598f5-f85c-4f73-9918-97132cf92492, Timeout acquiring threads.
[2026-04-17 18:54:37] [ABORT] 47584231-3ecc-4255-829c-3cbaeb86203f, Could not acquire threads after 3 attempts.
[2026-04-17 18:54:38] [COMPLETED] 03483ecf-a877-4cb3-b755-3949eece9812, 93
[2026-04-17 18:54:39] [FAILED] b7f0f916-84fb-4b64-bf81-879f2bb31f19, Timeout acquiring threads.
[2026-04-17 18:54:39] [FAILED] 191598f5-f85c-4f73-9918-97132cf92492, Timeout acquiring threads.
[2026-04-17 18:54:39] [FAILED] 454144bb-9f4f-4e9c-a1a7-c46e7526e726, Timeout acquiring threads.
[2026-04-17 18:54:40] [FAILED] cedfb8bc-b7d8-4d33-a8c5-bbd2d3ed613b, Timeout acquiring threads.
[2026-04-17 18:54:40] [ABORT] 3ae4d7e6-cd95-4238-8089-60d62592045f, Could not acquire threads after 3 attempts.
[2026-04-17 18:54:40] [COMPLETED] b7f0f916-84fb-4b64-bf81-879f2bb31f19, 4009
[2026-04-17 18:54:42] [FAILED] 8599f41a-46f9-4911-812b-1ad4f01e21af, Timeout acquiring threads.
[2026-04-17 18:54:42] [FAILED] cedfb8bc-b7d8-4d33-a8c5-bbd2d3ed613b, Timeout acquiring threads.
[2026-04-17 18:54:42] [FAILED] 454144bb-9f4f-4e9c-a1a7-c46e7526e726, Timeout acquiring threads.
[2026-04-17 18:54:42] [ABORT] 191598f5-f85c-4f73-9918-97132cf92492, Job execution exceeded 2 seconds.
[2026-04-17 18:54:42] [COMPLETED] 37005ec7-9dcd-4f57-ba57-fcbc3c42a529, 3737
[2026-04-17 18:54:44] [COMPLETED] 87998123-0c2d-451e-b6ae-3150583a5220, 35
[2026-04-17 18:54:44] [ABORT] 454144bb-9f4f-4e9c-a1a7-c46e7526e726, Could not acquire threads after 3 attempts.
[2026-04-17 18:54:44] [FAILED] 3d153530-8d8a-4220-9347-be0f84c1cbc8, Timeout acquiring threads.
[2026-04-17 18:54:46] [FAILED] 8599f41a-46f9-4911-812b-1ad4f01e21af, Timeout acquiring threads.
[2026-04-17 18:54:46] [COMPLETED] 1246790a-caa4-4a1a-95cf-48d1e0d688a4, 2422
[2026-04-17 18:54:48] [ABORT] cedfb8bc-b7d8-4d33-a8c5-bbd2d3ed613b, Could not acquire threads after 3 attempts.
[2026-04-17 18:54:48] [FAILED] 479f3ddf-67d0-4337-9c10-af45ab46db40, Timeout acquiring threads.
[2026-04-17 18:54:50] [FAILED] 479f3ddf-67d0-4337-9c10-af45ab46db40, Timeout acquiring threads.
[2026-04-17 18:54:50] [FAILED] c0945b21-ab53-4554-9f32-7a9650965bc2, Timeout acquiring threads.
[2026-04-17 18:54:50] [FAILED] 238cd412-d06d-45a3-8bb1-f19bcd21d751, Timeout acquiring threads.
[2026-04-17 18:54:50] [FAILED] 3d153530-8d8a-4220-9347-be0f84c1cbc8, Timeout acquiring threads.
[2026-04-17 18:54:52] [FAILED] c0945b21-ab53-4554-9f32-7a9650965bc2, Timeout acquiring threads.
[2026-04-17 18:54:52] [ABORT] 479f3ddf-67d0-4337-9c10-af45ab46db40, Could not acquire threads after 3 attempts.
[2026-04-17 18:54:52] [ABORT] 8599f41a-46f9-4911-812b-1ad4f01e21af, Could not acquire threads after 3 attempts.
[2026-04-17 18:54:54] [COMPLETED] 238cd412-d06d-45a3-8bb1-f19bcd21d751, 86
[2026-04-17 18:54:54] [ABORT] c0945b21-ab53-4554-9f32-7a9650965bc2, Could not acquire threads after 3 attempts.
[2026-04-17 18:54:54] [FAILED] bc98878f-2b91-4be7-911a-4d233d7fc252, Timeout acquiring threads.
[2026-04-17 18:54:54] [FAILED] aa62adff-21d1-4502-b749-f6455983962d, Timeout acquiring threads.
[2026-04-17 18:54:56] [FAILED] 12271869-e45f-4308-965e-6c1d077d2325, Timeout acquiring threads.
[2026-04-17 18:54:56] [ABORT] 3d153530-8d8a-4220-9347-be0f84c1cbc8, Could not acquire threads after 3 attempts.
[2026-04-17 18:54:56] [COMPLETED] bc98878f-2b91-4be7-911a-4d233d7fc252, 92
[2026-04-17 18:54:58] [FAILED] aa62adff-21d1-4502-b749-f6455983962d, Timeout acquiring threads.
[2026-04-17 18:54:58] [FAILED] 12271869-e45f-4308-965e-6c1d077d2325, Job execution exceeded 2 seconds.
[2026-04-17 18:54:58] [FAILED] 1d6868e9-bf3f-4faa-8c85-694a34731d5d, Timeout acquiring threads.
[2026-04-17 18:54:58] [COMPLETED] 53d3368e-7c11-4ce5-9ddc-17898c0ef85d, 91
[2026-04-17 18:55:00] [ABORT] 12271869-e45f-4308-965e-6c1d077d2325, Could not acquire threads after 3 attempts.
[2026-04-17 18:55:00] [ABORT] aa62adff-21d1-4502-b749-f6455983962d, Could not acquire threads after 3 attempts.
[2026-04-17 18:55:00] [FAILED] 1d6868e9-bf3f-4faa-8c85-694a34731d5d, Timeout acquiring threads.
[2026-04-17 18:55:00] [FAILED] 653b2a74-57f7-41a7-b82a-fb6366620c69, Timeout acquiring threads.
[2026-04-17 18:55:02] [COMPLETED] c9126b2c-46a3-40d1-a1b4-fb5d00b8a3aa, 18
[2026-04-17 18:55:02] [COMPLETED] 7866b6a7-41fe-4648-a148-c417d00b9398, 31
[2026-04-17 18:55:02] [FAILED] e038da94-1e34-43cc-b969-48141f6f149f, Job execution exceeded 2 seconds.
[2026-04-17 18:55:03] [COMPLETED] 8afc78e8-1773-4f13-8627-ea06ce586a2f, 72
[2026-04-17 18:55:04] [FAILED] f608f9a9-23d8-443c-b902-3fa9586a9759, Timeout acquiring threads.
[2026-04-17 18:55:04] [FAILED] 653b2a74-57f7-41a7-b82a-fb6366620c69, Timeout acquiring threads.
[2026-04-17 18:55:05] [FAILED] 4cad9828-b740-4937-a173-3ca30706954d, Timeout acquiring threads.
[2026-04-17 18:55:05] [ABORT] 1d6868e9-bf3f-4faa-8c85-694a34731d5d, Could not acquire threads after 3 attempts.
[2026-04-17 18:55:06] [FAILED] e038da94-1e34-43cc-b969-48141f6f149f, Job execution exceeded 2 seconds.
[2026-04-17 18:55:07] [FAILED] f608f9a9-23d8-443c-b902-3fa9586a9759, Job execution exceeded 2 seconds.
[2026-04-17 18:55:07] [FAILED] e15052be-95e2-4266-8899-58de1db6664e, Timeout acquiring threads.
[2026-04-17 18:55:08] [ABORT] 653b2a74-57f7-41a7-b82a-fb6366620c69, Could not acquire threads after 3 attempts.
[2026-04-17 18:55:08] [ABORT] e038da94-1e34-43cc-b969-48141f6f149f, Could not acquire threads after 3 attempts.
[2026-04-17 18:55:09] [FAILED] 4cad9828-b740-4937-a173-3ca30706954d, Job execution exceeded 2 seconds.
[2026-04-17 18:55:10] [COMPLETED] 041e395e-8b02-49b5-b13b-e1105c352cef, 88
[2026-04-17 18:55:10] [ABORT] f608f9a9-23d8-443c-b902-3fa9586a9759, Job execution exceeded 2 seconds.
[2026-04-17 18:55:10] [FAILED] e15052be-95e2-4266-8899-58de1db6664e, Job execution exceeded 2 seconds.
[2026-04-17 18:55:10] [FAILED] 12f9fcd1-bc0d-41c4-9ab2-e011b9e970b7, Job execution exceeded 2 seconds.
[2026-04-17 18:55:11] [ABORT] 4cad9828-b740-4937-a173-3ca30706954d, Job execution exceeded 2 seconds.
[2026-04-17 18:55:12] [FAILED] 8668d044-3750-4b69-ba0d-88e621817f7c, Timeout acquiring threads.
[2026-04-17 18:55:14] [FAILED] 8668d044-3750-4b69-ba0d-88e621817f7c, Timeout acquiring threads.
[2026-04-17 18:55:14] [FAILED] e3efb4ce-ff2e-48c7-8774-1a6f0b4ef6ad, Timeout acquiring threads.
[2026-04-17 18:55:14] [ABORT] e15052be-95e2-4266-8899-58de1db6664e, Job execution exceeded 2 seconds.
[2026-04-17 18:55:14] [FAILED] 12f9fcd1-bc0d-41c4-9ab2-e011b9e970b7, Job execution exceeded 2 seconds.
[2026-04-17 18:55:16] [FAILED] ae5525aa-dbc6-407e-a109-375c7ce11abe, Timeout acquiring threads.
[2026-04-17 18:55:16] [ABORT] 8668d044-3750-4b69-ba0d-88e621817f7c, Could not acquire threads after 3 attempts.
[2026-04-17 18:55:17] [COMPLETED] 1ac2ffab-8de6-4b04-b18d-6b4f241f6650, 94
[2026-04-17 18:55:18] [ABORT] 12f9fcd1-bc0d-41c4-9ab2-e011b9e970b7, Job execution exceeded 2 seconds.
[2026-04-17 18:55:18] [FAILED] 294e6916-dd6b-4b1c-8b60-45a7a84063f2, Timeout acquiring threads.
[2026-04-17 18:55:19] [FAILED] cf6aeef9-64fe-46b5-b200-8d2fa8b68c5e, Timeout acquiring threads.
[2026-04-17 18:55:19] [FAILED] e3efb4ce-ff2e-48c7-8774-1a6f0b4ef6ad, Timeout acquiring threads.
[2026-04-17 18:55:21] [FAILED] cf6aeef9-64fe-46b5-b200-8d2fa8b68c5e, Timeout acquiring threads.
[2026-04-17 18:55:21] [FAILED] ae5525aa-dbc6-407e-a109-375c7ce11abe, Timeout acquiring threads.
[2026-04-17 18:55:21] [FAILED] 294e6916-dd6b-4b1c-8b60-45a7a84063f2, Job execution exceeded 2 seconds.
[2026-04-17 18:55:23] [ABORT] ae5525aa-dbc6-407e-a109-375c7ce11abe, Could not acquire threads after 3 attempts.
[2026-04-17 18:55:23] [ABORT] e3efb4ce-ff2e-48c7-8774-1a6f0b4ef6ad, Could not acquire threads after 3 attempts.
[2026-04-17 18:55:25] [FAILED] 787b88a2-bd99-4c93-a169-583cf984bb17, Timeout acquiring threads.
[2026-04-17 18:55:25] [ABORT] cf6aeef9-64fe-46b5-b200-8d2fa8b68c5e, Could not acquire threads after 3 attempts.
[2026-04-17 18:55:25] [ABORT] 294e6916-dd6b-4b1c-8b60-45a7a84063f2, Job execution exceeded 2 seconds.
[2026-04-17 18:55:25] [FAILED] 397bf733-5e2c-4354-bf5f-e3f06c5f61ce, Timeout acquiring threads.
[2026-04-17 18:55:25] [COMPLETED] d232a0a5-4eb6-4fe7-b7d3-f0e5b24a8d92, 4345
[2026-04-17 18:55:27] [COMPLETED] 397bf733-5e2c-4354-bf5f-e3f06c5f61ce, 32
[2026-04-17 18:55:27] [FAILED] be9df456-584d-4159-ba7a-ea5c22d7e3d7, Timeout acquiring threads.
[2026-04-17 18:55:27] [FAILED] 62638871-82fd-46f0-b85c-e33505749e6e, Job execution exceeded 2 seconds.
[2026-04-17 18:55:27] [FAILED] 787b88a2-bd99-4c93-a169-583cf984bb17, Job execution exceeded 2 seconds.
[2026-04-17 18:55:29] [ABORT] 787b88a2-bd99-4c93-a169-583cf984bb17, Could not acquire threads after 3 attempts.
[2026-04-17 18:55:29] [FAILED] be9df456-584d-4159-ba7a-ea5c22d7e3d7, Timeout acquiring threads.
[2026-04-17 18:55:29] [FAILED] 9e8420c7-a7c0-40cc-afe5-bffd0e2f4bce, Timeout acquiring threads.
[2026-04-17 18:55:29] [FAILED] 62638871-82fd-46f0-b85c-e33505749e6e, Timeout acquiring threads.
[2026-04-17 18:55:29] [FAILED] 6ccc8be3-9898-4245-9970-892124db6564, Job execution exceeded 2 seconds.
[2026-04-17 18:55:29] [COMPLETED] 95db7732-71d7-4664-ae14-00e24f55fb95, 2192
[2026-04-17 18:55:31] [ABORT] be9df456-584d-4159-ba7a-ea5c22d7e3d7, Could not acquire threads after 3 attempts.
[2026-04-17 18:55:31] [FAILED] 9e8420c7-a7c0-40cc-afe5-bffd0e2f4bce, Timeout acquiring threads.
[2026-04-17 18:55:31] [ABORT] 62638871-82fd-46f0-b85c-e33505749e6e, Job execution exceeded 2 seconds.
[2026-04-17 18:55:31] [FAILED] 6ccc8be3-9898-4245-9970-892124db6564, Job execution exceeded 2 seconds.
[2026-04-17 18:55:31] [COMPLETED] 2b903f90-858d-46c7-a68c-a9507fc29f74, 4661
[2026-04-17 18:55:33] [FAILED] 2d8dbd2d-5efb-482f-8df2-5eb4bb173188, Timeout acquiring threads.
[2026-04-17 18:55:33] [ABORT] 9e8420c7-a7c0-40cc-afe5-bffd0e2f4bce, Could not acquire threads after 3 attempts.
[2026-04-17 18:55:33] [ABORT] 6ccc8be3-9898-4245-9970-892124db6564, Could not acquire threads after 3 attempts.
[2026-04-17 18:55:33] [FAILED] ae6df57b-bf8a-47fb-8e02-7198fec3b74b, Job execution exceeded 2 seconds.
[2026-04-17 18:55:33] [COMPLETED] e661ba75-d36f-466f-ad42-02fb1c3a81de, 1254
[2026-04-17 18:55:35] [FAILED] eff848f8-8b68-441c-8cc7-4d8fb9d8a977, Timeout acquiring threads.
[2026-04-17 18:55:35] [FAILED] ae6df57b-bf8a-47fb-8e02-7198fec3b74b, Timeout acquiring threads.
[2026-04-17 18:55:35] [FAILED] a5c56814-f975-47fd-a4bd-dff48353f142, Job execution exceeded 2 seconds.
[2026-04-17 18:55:35] [FAILED] 354a3ace-adf4-4cc8-9800-0539daff2461, Timeout acquiring threads.
[2026-04-17 18:55:37] [FAILED] eff848f8-8b68-441c-8cc7-4d8fb9d8a977, Timeout acquiring threads.
[2026-04-17 18:55:37] [FAILED] 2d8dbd2d-5efb-482f-8df2-5eb4bb173188, Timeout acquiring threads.
[2026-04-17 18:55:39] [ABORT] 2d8dbd2d-5efb-482f-8df2-5eb4bb173188, Could not acquire threads after 3 attempts.
[2026-04-17 18:55:39] [ABORT] ae6df57b-bf8a-47fb-8e02-7198fec3b74b, Job execution exceeded 2 seconds.
[2026-04-17 18:55:39] [FAILED] a5c56814-f975-47fd-a4bd-dff48353f142, Job execution exceeded 2 seconds.
[2026-04-17 18:55:39] [COMPLETED] 354a3ace-adf4-4cc8-9800-0539daff2461, 1994
[2026-04-17 18:55:39] [COMPLETED] eff848f8-8b68-441c-8cc7-4d8fb9d8a977, 1871
[2026-04-17 18:55:41] [FAILED] 1802bec4-3c18-4683-bd9c-a2c831e8e628, Timeout acquiring threads.
[2026-04-17 18:55:41] [FAILED] 5328f431-ce57-4f70-8838-b6f78657a20b, Timeout acquiring threads.
[2026-04-17 18:55:41] [FAILED] fff3c7ad-fd10-4abc-b059-7b8a49d58869, Timeout acquiring threads.
[2026-04-17 18:55:41] [ABORT] a5c56814-f975-47fd-a4bd-dff48353f142, Job execution exceeded 2 seconds.
[2026-04-17 18:55:41] [COMPLETED] bd1249c0-1876-455a-9f2e-2e2d6e943c93, 3262
[2026-04-17 18:55:43] [FAILED] fff3c7ad-fd10-4abc-b059-7b8a49d58869, Timeout acquiring threads.
[2026-04-17 18:55:43] [FAILED] 5328f431-ce57-4f70-8838-b6f78657a20b, Timeout acquiring threads.
[2026-04-17 18:55:43] [FAILED] f35114f5-1d77-4671-88bc-bd054b5e6dc0, Job execution exceeded 2 seconds.
[2026-04-17 18:55:45] [FAILED] f35114f5-1d77-4671-88bc-bd054b5e6dc0, Timeout acquiring threads.
[2026-04-17 18:55:45] [FAILED] 1802bec4-3c18-4683-bd9c-a2c831e8e628, Timeout acquiring threads.
[2026-04-17 18:55:45] [ABORT] 5328f431-ce57-4f70-8838-b6f78657a20b, Could not acquire threads after 3 attempts.
[2026-04-17 18:55:47] [ABORT] fff3c7ad-fd10-4abc-b059-7b8a49d58869, Could not acquire threads after 3 attempts.
[2026-04-17 18:55:47] [FAILED] 323a106c-abbd-41dd-9172-dca56a9d4707, Timeout acquiring threads.
[2026-04-17 18:55:48] [COMPLETED] cca029cc-26ee-4f39-965e-64b1e2f7d998, 37
[2026-04-17 18:55:49] [ABORT] f35114f5-1d77-4671-88bc-bd054b5e6dc0, Job execution exceeded 2 seconds.
[2026-04-17 18:55:49] [FAILED] 323a106c-abbd-41dd-9172-dca56a9d4707, Timeout acquiring threads.
[2026-04-17 18:55:50] [ABORT] 1802bec4-3c18-4683-bd9c-a2c831e8e628, Could not acquire threads after 3 attempts.
[2026-04-17 18:55:50] [FAILED] ffdd6d92-9f48-47d3-80fc-4e83f1e9a47e, Timeout acquiring threads.
[2026-04-17 18:55:51] [COMPLETED] c82460fb-9601-4f68-aba2-798ac157bc67, 11
[2026-04-17 18:55:52] [FAILED] 115b28c5-6113-4d59-997e-658f3114c957, Timeout acquiring threads.
[2026-04-17 18:55:52] [FAILED] 57990f69-b3f7-4c12-8e39-25e3e7d9a7c5, Job execution exceeded 2 seconds.
[2026-04-17 18:55:53] [ABORT] 323a106c-abbd-41dd-9172-dca56a9d4707, Could not acquire threads after 3 attempts.
[2026-04-17 18:55:53] [FAILED] bd8fbcfa-d310-47d5-b27e-87f79e901269, Timeout acquiring threads.
[2026-04-17 18:55:53] [COMPLETED] bd8fbcfa-d310-47d5-b27e-87f79e901269, 3877
[2026-04-17 18:55:54] [COMPLETED] 461fbc3b-8da0-49ef-a4ac-28f4059e9343, 57
[2026-04-17 18:55:54] [COMPLETED] 115b28c5-6113-4d59-997e-658f3114c957, 36
[2026-04-17 18:55:54] [FAILED] ffdd6d92-9f48-47d3-80fc-4e83f1e9a47e, Job execution exceeded 2 seconds.
[2026-04-17 18:55:54] [COMPLETED] 339e8917-d97b-4bc7-af5f-9d40391ec4f3, 3332
[2026-04-17 18:55:55] [FAILED] 57990f69-b3f7-4c12-8e39-25e3e7d9a7c5, Job execution exceeded 2 seconds.
[2026-04-17 18:55:55] [FAILED] 3f8be722-6ebd-4a6b-8a68-20563bcf50c3, Job execution exceeded 2 seconds.
[2026-04-17 18:55:56] [ABORT] ffdd6d92-9f48-47d3-80fc-4e83f1e9a47e, Job execution exceeded 2 seconds.
[2026-04-17 18:55:57] [FAILED] 587d4e84-8229-46d8-93f4-c4c2038383eb, Timeout acquiring threads.
[2026-04-17 18:55:57] [FAILED] 3f8be722-6ebd-4a6b-8a68-20563bcf50c3, Timeout acquiring threads.
[2026-04-17 18:55:58] [FAILED] f058e943-6a9c-450c-88fd-230d31270021, Timeout acquiring threads.
[2026-04-17 18:55:59] [ABORT] 57990f69-b3f7-4c12-8e39-25e3e7d9a7c5, Job execution exceeded 2 seconds.
[2026-04-17 18:55:59] [COMPLETED] 0e4f0d0d-b417-4a89-a7bc-91012f8a054e, 24
[2026-04-17 18:56:00] [ABORT] 3f8be722-6ebd-4a6b-8a68-20563bcf50c3, Job execution exceeded 2 seconds.
[2026-04-17 18:56:01] [FAILED] 90fbf3aa-99d5-45a3-b70e-46f48c70c1e8, Timeout acquiring threads.
[2026-04-17 18:56:01] [FAILED] cc5c5397-c601-4af7-a43d-765283393ace, Timeout acquiring threads.
[2026-04-17 18:56:01] [FAILED] f058e943-6a9c-450c-88fd-230d31270021, Timeout acquiring threads.
[2026-04-17 18:56:02] [FAILED] c059e436-dd66-4d48-8634-badcb9eb714e, Timeout acquiring threads.
[2026-04-17 18:56:03] [FAILED] 90fbf3aa-99d5-45a3-b70e-46f48c70c1e8, Timeout acquiring threads.
[2026-04-17 18:56:03] [FAILED] 587d4e84-8229-46d8-93f4-c4c2038383eb, Timeout acquiring threads.
[2026-04-17 18:56:05] [COMPLETED] cc5c5397-c601-4af7-a43d-765283393ace, 70
[2026-04-17 18:56:05] [ABORT] 587d4e84-8229-46d8-93f4-c4c2038383eb, Could not acquire threads after 3 attempts.
[2026-04-17 18:56:05] [ABORT] 90fbf3aa-99d5-45a3-b70e-46f48c70c1e8, Job execution exceeded 2 seconds.
[2026-04-17 18:56:05] [FAILED] c059e436-dd66-4d48-8634-badcb9eb714e, Job execution exceeded 2 seconds.
[2026-04-17 18:56:06] [COMPLETED] e90f0132-781d-41db-aa91-d1304b3283b5, 40
[2026-04-17 18:56:07] [FAILED] bec00cb9-c67d-4edc-91f0-c45cc01c1b03, Timeout acquiring threads.
[2026-04-17 18:56:07] [FAILED] 6eb8eee5-5751-48ba-b839-a28e408fba4f, Timeout acquiring threads.
[2026-04-17 18:56:07] [ABORT] c059e436-dd66-4d48-8634-badcb9eb714e, Could not acquire threads after 3 attempts.
[2026-04-17 18:56:08] [ABORT] f058e943-6a9c-450c-88fd-230d31270021, Could not acquire threads after 3 attempts.
[2026-04-17 18:56:08] [FAILED] 2f7097cc-29b9-4271-a57a-d00ed4270e0f, Timeout acquiring threads.
[2026-04-17 18:56:10] [FAILED] 85a80bc8-76e9-4cf4-9a43-8cd3513f084a, Timeout acquiring threads.
[2026-04-17 18:56:10] [FAILED] 6eb8eee5-5751-48ba-b839-a28e408fba4f, Job execution exceeded 2 seconds.
[2026-04-17 18:56:10] [FAILED] bec00cb9-c67d-4edc-91f0-c45cc01c1b03, Job execution exceeded 2 seconds.
[2026-04-17 18:56:10] [COMPLETED] 2f7097cc-29b9-4271-a57a-d00ed4270e0f, 1654
[2026-04-17 18:56:10] [COMPLETED] 16c1eb4b-74b1-4641-a578-4358511e22d0, 1500
[2026-04-17 18:56:12] [FAILED] 480d8f58-b9dc-4c66-b7b1-b59f5e528a20, Timeout acquiring threads.
[2026-04-17 18:56:12] [ABORT] bec00cb9-c67d-4edc-91f0-c45cc01c1b03, Job execution exceeded 2 seconds.
[2026-04-17 18:56:12] [ABORT] 6eb8eee5-5751-48ba-b839-a28e408fba4f, Job execution exceeded 2 seconds.
[2026-04-17 18:56:14] [FAILED] c5d1da3a-a1c0-4a07-9ee6-0b918de72796, Timeout acquiring threads.
[2026-04-17 18:56:14] [FAILED] 85a80bc8-76e9-4cf4-9a43-8cd3513f084a, Timeout acquiring threads.
[2026-04-17 18:56:16] [FAILED] 5a17218a-5d64-479f-a133-df6c52412b86, Timeout acquiring threads.
[2026-04-17 18:56:16] [ABORT] 85a80bc8-76e9-4cf4-9a43-8cd3513f084a, Could not acquire threads after 3 attempts.
[2026-04-17 18:56:16] [FAILED] c6e740cb-37b2-4d97-b03e-77b5efd0467e, Job execution exceeded 2 seconds.
[2026-04-17 18:56:18] [FAILED] 480d8f58-b9dc-4c66-b7b1-b59f5e528a20, Timeout acquiring threads.
[2026-04-17 18:56:18] [FAILED] c5d1da3a-a1c0-4a07-9ee6-0b918de72796, Timeout acquiring threads.
[2026-04-17 18:56:20] [FAILED] 5a17218a-5d64-479f-a133-df6c52412b86, Timeout acquiring threads.
[2026-04-17 18:56:20] [FAILED] 49e04261-ef78-4d28-98e2-91e9e96afb3a, Timeout acquiring threads.
[2026-04-17 18:56:20] [FAILED] c6e740cb-37b2-4d97-b03e-77b5efd0467e, Job execution exceeded 2 seconds.
[2026-04-17 18:56:22] [ABORT] c5d1da3a-a1c0-4a07-9ee6-0b918de72796, Could not acquire threads after 3 attempts.
[2026-04-17 18:56:22] [ABORT] c6e740cb-37b2-4d97-b03e-77b5efd0467e, Could not acquire threads after 3 attempts.
[2026-04-17 18:56:22] [ABORT] 5a17218a-5d64-479f-a133-df6c52412b86, Could not acquire threads after 3 attempts.
[2026-04-17 18:56:22] [FAILED] 49e04261-ef78-4d28-98e2-91e9e96afb3a, Timeout acquiring threads.
[2026-04-17 18:56:22] [COMPLETED] 480d8f58-b9dc-4c66-b7b1-b59f5e528a20, 2191
[2026-04-17 18:56:24] [COMPLETED] 2e3d6439-e080-4c20-808a-64cfedfbda23, 78
[2026-04-17 18:56:24] [FAILED] b81ac4b2-3bc3-44bb-a287-e7d7daebeb37, Timeout acquiring threads.
[2026-04-17 18:56:24] [COMPLETED] 49e04261-ef78-4d28-98e2-91e9e96afb3a, 945
[2026-04-17 18:56:24] [COMPLETED] dd4272c6-55e9-45a5-81a6-fee2bb6c4eae, 2641
[2026-04-17 18:56:26] [FAILED] d569da6e-9c16-4264-88d3-bc66bb6e97f8, Job execution exceeded 2 seconds.
[2026-04-17 18:56:26] [FAILED] b81ac4b2-3bc3-44bb-a287-e7d7daebeb37, Timeout acquiring threads.
[2026-04-17 18:56:26] [FAILED] 3bbc4d4e-65fc-4741-b519-94a4044b1c86, Timeout acquiring threads.
[2026-04-17 18:56:28] [FAILED] d569da6e-9c16-4264-88d3-bc66bb6e97f8, Timeout acquiring threads.
[2026-04-17 18:56:28] [ABORT] b81ac4b2-3bc3-44bb-a287-e7d7daebeb37, Could not acquire threads after 3 attempts.
[2026-04-17 18:56:28] [FAILED] 3bbc4d4e-65fc-4741-b519-94a4044b1c86, Timeout acquiring threads.
[2026-04-17 18:56:28] [FAILED] 755be293-9b3a-4449-b1c5-f356bba803dd, Timeout acquiring threads.
[2026-04-17 18:56:30] [FAILED] 79c88fb4-7111-445b-b647-5e9f10a94492, Timeout acquiring threads.
[2026-04-17 18:56:30] [ABORT] d569da6e-9c16-4264-88d3-bc66bb6e97f8, Job execution exceeded 2 seconds.
[2026-04-17 18:56:30] [COMPLETED] ec722e3e-3c7e-4d10-8c81-6f3f90a59f77, 4618
[2026-04-17 18:56:32] [FAILED] 79c88fb4-7111-445b-b647-5e9f10a94492, Timeout acquiring threads.
[2026-04-17 18:56:32] [FAILED] 755be293-9b3a-4449-b1c5-f356bba803dd, Timeout acquiring threads.
[2026-04-17 18:56:32] [FAILED] 77e95612-66f9-4ea3-afcb-c46c7d02504c, Timeout acquiring threads.
[2026-04-17 18:56:34] [COMPLETED] 9b11a0eb-8653-4900-a6a2-a970b805a9d0, 90
[2026-04-17 18:56:34] [ABORT] 755be293-9b3a-4449-b1c5-f356bba803dd, Could not acquire threads after 3 attempts.
[2026-04-17 18:56:34] [ABORT] 3bbc4d4e-65fc-4741-b519-94a4044b1c86, Could not acquire threads after 3 attempts.
[2026-04-17 18:56:36] [COMPLETED] 77e95612-66f9-4ea3-afcb-c46c7d02504c, 31
[2026-04-17 18:56:36] [FAILED] a0c33ded-1ab3-41d7-b836-640c172da169, Timeout acquiring threads.
[2026-04-17 18:56:36] [FAILED] c359ec04-c1e0-40a4-9db9-5944ee67464f, Timeout acquiring threads.
[2026-04-17 18:56:36] [COMPLETED] 2496bb76-563a-46ce-a869-b4ecde4163e9, 3695
[2026-04-17 18:56:36] [COMPLETED] 79c88fb4-7111-445b-b647-5e9f10a94492, 4752
[2026-04-17 18:56:37] [COMPLETED] 85035337-39a9-4eb9-9dbd-a226b737fd94, 36
[2026-04-17 18:56:38] [FAILED] a0c33ded-1ab3-41d7-b836-640c172da169, Timeout acquiring threads.
[2026-04-17 18:56:38] [FAILED] e8353afc-a7ab-4026-97bb-6550d8c6381a, Timeout acquiring threads.
[2026-04-17 18:56:39] [FAILED] 806ad4bd-d3c7-487d-b47b-8874cc3a68b1, Timeout acquiring threads.
[2026-04-17 18:56:40] [COMPLETED] 86213994-248f-45f1-b958-848e6c4babe0, 16
[2026-04-17 18:56:41] [FAILED] 806ad4bd-d3c7-487d-b47b-8874cc3a68b1, Timeout acquiring threads.
[2026-04-17 18:56:41] [ABORT] a0c33ded-1ab3-41d7-b836-640c172da169, Could not acquire threads after 3 attempts.
[2026-04-17 18:56:42] [FAILED] e8353afc-a7ab-4026-97bb-6550d8c6381a, Timeout acquiring threads.
[2026-04-17 18:56:42] [FAILED] 5d7bd59d-7f53-43bb-b659-d0440c9d2fb2, Timeout acquiring threads.
[2026-04-17 18:56:43] [ABORT] 806ad4bd-d3c7-487d-b47b-8874cc3a68b1, Could not acquire threads after 3 attempts.
[2026-04-17 18:56:43] [FAILED] 479d71e7-54a6-4b7a-ae7d-79c20825bc45, Timeout acquiring threads.
[2026-04-17 18:56:44] [ABORT] e8353afc-a7ab-4026-97bb-6550d8c6381a, Could not acquire threads after 3 attempts.
[2026-04-17 18:56:44] [FAILED] 5d7bd59d-7f53-43bb-b659-d0440c9d2fb2, Timeout acquiring threads.
[2026-04-17 18:56:44] [FAILED] c359ec04-c1e0-40a4-9db9-5944ee67464f, Timeout acquiring threads.
[2026-04-17 18:56:46] [ABORT] c359ec04-c1e0-40a4-9db9-5944ee67464f, Could not acquire threads after 3 attempts.
[2026-04-17 18:56:46] [FAILED] b7d44079-8c5c-4ba7-9a8f-f3df74401469, Timeout acquiring threads.
[2026-04-17 18:56:46] [FAILED] 479d71e7-54a6-4b7a-ae7d-79c20825bc45, Job execution exceeded 2 seconds.
[2026-04-17 18:56:46] [ABORT] 5d7bd59d-7f53-43bb-b659-d0440c9d2fb2, Could not acquire threads after 3 attempts.
[2026-04-17 18:56:48] [FAILED] 13e07771-eade-4a0f-aad7-b8e0373038f9, Timeout acquiring threads.
[2026-04-17 18:56:48] [FAILED] dc52a6c9-d38f-4dff-baf2-f49a5ca706a0, Timeout acquiring threads.
[2026-04-17 18:56:50] [FAILED] dc52a6c9-d38f-4dff-baf2-f49a5ca706a0, Timeout acquiring threads.
[2026-04-17 18:56:50] [FAILED] 13e07771-eade-4a0f-aad7-b8e0373038f9, Timeout acquiring threads.
[2026-04-17 18:56:50] [FAILED] 1ced65de-8767-43d8-a94d-3a3e2e8be3f8, Timeout acquiring threads.
[2026-04-17 18:56:50] [ABORT] 479d71e7-54a6-4b7a-ae7d-79c20825bc45, Job execution exceeded 2 seconds.
[2026-04-17 18:56:52] [ABORT] 13e07771-eade-4a0f-aad7-b8e0373038f9, Could not acquire threads after 3 attempts.
[2026-04-17 18:56:52] [FAILED] b7d44079-8c5c-4ba7-9a8f-f3df74401469, Timeout acquiring threads.
[2026-04-17 18:56:54] [FAILED] 1ced65de-8767-43d8-a94d-3a3e2e8be3f8, Timeout acquiring threads.
[2026-04-17 18:56:54] [ABORT] dc52a6c9-d38f-4dff-baf2-f49a5ca706a0, Job execution exceeded 2 seconds.
[2026-04-17 18:56:54] [ABORT] b7d44079-8c5c-4ba7-9a8f-f3df74401469, Could not acquire threads after 3 attempts.
[2026-04-17 18:56:56] [FAILED] 7cfe91ed-0f6a-4a86-9bb3-49459b3265fb, Timeout acquiring threads.
[2026-04-17 18:56:56] [FAILED] 672a3e16-bd70-4159-b3e1-cf1de80eef2a, Job execution exceeded 2 seconds.
[2026-04-17 18:56:58] [FAILED] 672a3e16-bd70-4159-b3e1-cf1de80eef2a, Timeout acquiring threads.
[2026-04-17 18:56:58] [FAILED] 7cfe91ed-0f6a-4a86-9bb3-49459b3265fb, Timeout acquiring threads.
[2026-04-17 18:56:58] [ABORT] 1ced65de-8767-43d8-a94d-3a3e2e8be3f8, Could not acquire threads after 3 attempts.
[2026-04-17 18:56:58] [FAILED] 16341f39-8211-4559-bdcf-cbbd46f49004, Job execution exceeded 2 seconds.
[2026-04-17 18:56:58] [COMPLETED] 1671d824-bf69-4d43-8e68-264f9880b786, 2646
[2026-04-17 18:57:00] [FAILED] 59aceda4-f09e-41a2-944c-53d5a98ebc94, Timeout acquiring threads.
[2026-04-17 18:57:00] [ABORT] 7cfe91ed-0f6a-4a86-9bb3-49459b3265fb, Could not acquire threads after 3 attempts.
[2026-04-17 18:57:00] [ABORT] 672a3e16-bd70-4159-b3e1-cf1de80eef2a, Job execution exceeded 2 seconds.
[2026-04-17 18:57:00] [FAILED] 16341f39-8211-4559-bdcf-cbbd46f49004, Job execution exceeded 2 seconds.
[2026-04-17 18:57:02] [FAILED] 035b1945-a743-4d9d-ab9b-5e3c9b1e015b, Timeout acquiring threads.
[2026-04-17 18:57:02] [FAILED] 59aceda4-f09e-41a2-944c-53d5a98ebc94, Timeout acquiring threads.
[2026-04-17 18:57:02] [FAILED] 0f2ada83-2280-4f0c-94e8-66587fc6ea90, Timeout acquiring threads.
[2026-04-17 18:57:03] [COMPLETED] 035b1945-a743-4d9d-ab9b-5e3c9b1e015b, 19
[2026-04-17 18:57:03] [COMPLETED] 59aceda4-f09e-41a2-944c-53d5a98ebc94, 2345
[2026-04-17 18:57:03] [COMPLETED] 1b5361bf-94f6-4ae2-a9cd-df76e7cf513e, 51
[2026-04-17 18:57:04] [ABORT] 16341f39-8211-4559-bdcf-cbbd46f49004, Job execution exceeded 2 seconds.
[2026-04-17 18:57:04] [COMPLETED] e9126b92-c895-4346-beaa-303627ff110d, 2659
[2026-04-17 18:57:05] [FAILED] eb655db4-c0b0-462e-add2-5d9c88e292cf, Job execution exceeded 2 seconds.
[2026-04-17 18:57:06] [FAILED] 0f2ada83-2280-4f0c-94e8-66587fc6ea90, Timeout acquiring threads.
[2026-04-17 18:57:06] [FAILED] eecea4d0-04a9-4831-b2d3-469fedfa3beb, Timeout acquiring threads.
[2026-04-17 18:57:06] [COMPLETED] 1c29c4a5-1907-4332-881a-16e4deafe031, 843
[2026-04-17 18:57:08] [FAILED] eecea4d0-04a9-4831-b2d3-469fedfa3beb, Timeout acquiring threads.
[2026-04-17 18:57:08] [FAILED] fae93303-06c7-42e8-97f8-cb122cf54880, Timeout acquiring threads.
[2026-04-17 18:57:08] [FAILED] eb655db4-c0b0-462e-add2-5d9c88e292cf, Job execution exceeded 2 seconds.
[2026-04-17 18:57:08] [FAILED] e35ebdd7-cf82-415c-a76b-2561d6fba78d, Job execution exceeded 2 seconds.
[2026-04-17 18:57:10] [FAILED] e35ebdd7-cf82-415c-a76b-2561d6fba78d, Timeout acquiring threads.
[2026-04-17 18:57:10] [FAILED] fae93303-06c7-42e8-97f8-cb122cf54880, Timeout acquiring threads.
[2026-04-17 18:57:10] [ABORT] eb655db4-c0b0-462e-add2-5d9c88e292cf, Could not acquire threads after 3 attempts.
[2026-04-17 18:57:10] [ABORT] eecea4d0-04a9-4831-b2d3-469fedfa3beb, Could not acquire threads after 3 attempts.
[2026-04-17 18:57:10] [ABORT] 0f2ada83-2280-4f0c-94e8-66587fc6ea90, Could not acquire threads after 3 attempts.
[2026-04-17 18:57:12] [FAILED] 557f9451-2c5a-4331-b165-2da96bed00a3, Timeout acquiring threads.
[2026-04-17 18:57:12] [FAILED] 99eb8e1b-9718-4746-b34a-eccd5791ef30, Timeout acquiring threads.
[2026-04-17 18:57:12] [FAILED] fd68b831-f84a-46c4-b580-b279dd41503b, Timeout acquiring threads.
[2026-04-17 18:57:12] [ABORT] fae93303-06c7-42e8-97f8-cb122cf54880, Job execution exceeded 2 seconds.
[2026-04-17 18:57:12] [ABORT] e35ebdd7-cf82-415c-a76b-2561d6fba78d, Job execution exceeded 2 seconds.
[2026-04-17 18:57:12] [COMPLETED] 557f9451-2c5a-4331-b165-2da96bed00a3, 3238
[2026-04-17 18:57:14] [FAILED] 99eb8e1b-9718-4746-b34a-eccd5791ef30, Job execution exceeded 2 seconds.
[2026-04-17 18:57:14] [COMPLETED] 4072e754-aec3-4a35-a622-e4e442017f13, 4260
[2026-04-17 18:57:14] [FAILED] f6b61563-e140-4185-bf9f-44b2d06c86cf, Job execution exceeded 2 seconds.
[2026-04-17 18:57:16] [FAILED] a674c862-0b5e-43ab-9403-b3626e96e2ee, Timeout acquiring threads.
[2026-04-17 18:57:16] [FAILED] f6b61563-e140-4185-bf9f-44b2d06c86cf, Timeout acquiring threads.
[2026-04-17 18:57:16] [FAILED] 3e046175-29aa-4ec4-8a5d-6d7d785ba5f7, Timeout acquiring threads.
[2026-04-17 18:57:16] [ABORT] 99eb8e1b-9718-4746-b34a-eccd5791ef30, Job execution exceeded 2 seconds.
[2026-04-17 18:57:16] [COMPLETED] fd68b831-f84a-46c4-b580-b279dd41503b, 2115
[2026-04-17 18:57:18] [FAILED] a674c862-0b5e-43ab-9403-b3626e96e2ee, Job execution exceeded 2 seconds.
[2026-04-17 18:57:18] [FAILED] 3e046175-29aa-4ec4-8a5d-6d7d785ba5f7, Timeout acquiring threads.
[2026-04-17 18:57:18] [ABORT] f6b61563-e140-4185-bf9f-44b2d06c86cf, Job execution exceeded 2 seconds.
[2026-04-17 18:57:20] [ABORT] 3e046175-29aa-4ec4-8a5d-6d7d785ba5f7, Could not acquire threads after 3 attempts.
[2026-04-17 18:57:20] [FAILED] cfa863bd-3692-4116-ab09-1af3066efe86, Timeout acquiring threads.
[2026-04-17 18:57:20] [ABORT] a674c862-0b5e-43ab-9403-b3626e96e2ee, Could not acquire threads after 3 attempts.
[2026-04-17 18:57:20] [FAILED] 33ef19c8-ea0e-4d46-8708-713616b9a116, Timeout acquiring threads.
[2026-04-17 18:57:22] [FAILED] 34a6dfdd-0160-4789-b111-ee5678393275, Timeout acquiring threads.
[2026-04-17 18:57:22] [FAILED] cfa863bd-3692-4116-ab09-1af3066efe86, Timeout acquiring threads.
[2026-04-17 18:57:22] [FAILED] e78ce9be-5e73-4808-aa74-a369550dc449, Timeout acquiring threads.
[2026-04-17 18:57:22] [FAILED] 827b3f33-9044-4567-ac18-5c64294c265a, Timeout acquiring threads.
[2026-04-17 18:57:22] [COMPLETED] 33ef19c8-ea0e-4d46-8708-713616b9a116, 4952
[2026-04-17 18:57:22] [COMPLETED] e78ce9be-5e73-4808-aa74-a369550dc449, 3282
[2026-04-17 18:57:23] [COMPLETED] 34a6dfdd-0160-4789-b111-ee5678393275, 89
[2026-04-17 18:57:24] [ABORT] cfa863bd-3692-4116-ab09-1af3066efe86, Job execution exceeded 2 seconds.
[2026-04-17 18:57:24] [FAILED] 3cb6c1f4-51b0-4ddb-bfa9-39a05f4fdeff, Timeout acquiring threads.
[2026-04-17 18:57:25] [FAILED] b8804ae0-e2ab-4c35-8170-6e741122a982, Timeout acquiring threads.
[2026-04-17 18:57:26] [FAILED] d2f02c20-af58-411d-b87f-c4591193ece2, Timeout acquiring threads.
[2026-04-17 18:57:26] [FAILED] fb064c35-5554-4b3e-92a1-4f86f40dabd6, Job execution exceeded 2 seconds.
[2026-04-17 18:57:26] [FAILED] 3cb6c1f4-51b0-4ddb-bfa9-39a05f4fdeff, Timeout acquiring threads.
[2026-04-17 18:57:27] [FAILED] b8804ae0-e2ab-4c35-8170-6e741122a982, Timeout acquiring threads.
[2026-04-17 18:57:28] [FAILED] fb064c35-5554-4b3e-92a1-4f86f40dabd6, Timeout acquiring threads.
[2026-04-17 18:57:28] [FAILED] d2f02c20-af58-411d-b87f-c4591193ece2, Timeout acquiring threads.
[2026-04-17 18:57:28] [FAILED] 827b3f33-9044-4567-ac18-5c64294c265a, Timeout acquiring threads.
[2026-04-17 18:57:30] [ABORT] 3cb6c1f4-51b0-4ddb-bfa9-39a05f4fdeff, Could not acquire threads after 3 attempts.
[2026-04-17 18:57:30] [ABORT] fb064c35-5554-4b3e-92a1-4f86f40dabd6, Could not acquire threads after 3 attempts.
[2026-04-17 18:57:32] [ABORT] 827b3f33-9044-4567-ac18-5c64294c265a, Could not acquire threads after 3 attempts.
[2026-04-17 18:57:32] [ABORT] d2f02c20-af58-411d-b87f-c4591193ece2, Job execution exceeded 2 seconds.
[2026-04-17 18:57:32] [FAILED] e0fc8925-e685-4f23-b36c-0531f59bf595, Timeout acquiring threads.
[2026-04-17 18:57:34] [FAILED] 8542afd3-4f6d-4c7c-a8fb-380416a9b50d, Timeout acquiring threads.
[2026-04-17 18:57:34] [ABORT] b8804ae0-e2ab-4c35-8170-6e741122a982, Could not acquire threads after 3 attempts.
[2026-04-17 18:57:36] [FAILED] 7824ea6f-dc24-4b86-9ddd-e19f7311c2e0, Timeout acquiring threads.
[2026-04-17 18:57:36] [FAILED] e0fc8925-e685-4f23-b36c-0531f59bf595, Timeout acquiring threads.
[2026-04-17 18:57:36] [FAILED] 7f0914f8-2d91-4adf-8810-a20663f28b90, Timeout acquiring threads.
[2026-04-17 18:57:38] [FAILED] 7824ea6f-dc24-4b86-9ddd-e19f7311c2e0, Timeout acquiring threads.
[2026-04-17 18:57:38] [FAILED] 8542afd3-4f6d-4c7c-a8fb-380416a9b50d, Timeout acquiring threads.
[2026-04-17 18:57:38] [ABORT] e0fc8925-e685-4f23-b36c-0531f59bf595, Could not acquire threads after 3 attempts.
[2026-04-17 18:57:38] [FAILED] 7f0914f8-2d91-4adf-8810-a20663f28b90, Timeout acquiring threads.
[2026-04-17 18:57:40] [FAILED] 945d2783-6a09-47f1-a6dc-a18cc36b710d, Timeout acquiring threads.
[2026-04-17 18:57:42] [ABORT] 8542afd3-4f6d-4c7c-a8fb-380416a9b50d, Could not acquire threads after 3 attempts.
[2026-04-17 18:57:42] [FAILED] 6695c6f4-400f-4ca0-b50b-25fc70d05aa1, Job execution exceeded 2 seconds.
[2026-04-17 18:57:42] [ABORT] 7f0914f8-2d91-4adf-8810-a20663f28b90, Could not acquire threads after 3 attempts.
[2026-04-17 18:57:42] [COMPLETED] 7824ea6f-dc24-4b86-9ddd-e19f7311c2e0, 1560
[2026-04-17 18:57:44] [COMPLETED] 1f0779dd-e840-471f-968f-bc01e5d2ccee, 83
[2026-04-17 18:57:44] [FAILED] 515cef8d-e58f-431f-b312-fd8110171699, Timeout acquiring threads.
[2026-04-17 18:57:44] [FAILED] 299017e6-4aee-4dc5-8699-95ce32b97934, Timeout acquiring threads.
[2026-04-17 18:57:44] [FAILED] 6695c6f4-400f-4ca0-b50b-25fc70d05aa1, Job execution exceeded 2 seconds.
[2026-04-17 18:57:46] [FAILED] 299017e6-4aee-4dc5-8699-95ce32b97934, Timeout acquiring threads.
[2026-04-17 18:57:46] [ABORT] 6695c6f4-400f-4ca0-b50b-25fc70d05aa1, Could not acquire threads after 3 attempts.
[2026-04-17 18:57:46] [FAILED] 945d2783-6a09-47f1-a6dc-a18cc36b710d, Timeout acquiring threads.
[2026-04-17 18:57:46] [FAILED] 15fd121a-790d-4a1e-a933-aaa954ed54c4, Job execution exceeded 2 seconds.
[2026-04-17 18:57:46] [COMPLETED] 515cef8d-e58f-431f-b312-fd8110171699, 2987
[2026-04-17 18:57:47] [COMPLETED] d3876874-8711-4c14-98f2-47c11225be68, 32
[2026-04-17 18:57:48] [COMPLETED] 3da64887-e391-4ddc-91ab-df7aee96377c, 18
[2026-04-17 18:57:48] [FAILED] 15fd121a-790d-4a1e-a933-aaa954ed54c4, Job execution exceeded 2 seconds.
[2026-04-17 18:57:48] [ABORT] 299017e6-4aee-4dc5-8699-95ce32b97934, Job execution exceeded 2 seconds.
[2026-04-17 18:57:50] [COMPLETED] 3d3ab09f-06c0-473b-8b13-2eca3c649dd2, 8
[2026-04-17 18:57:50] [FAILED] bee30420-1c33-44a2-a5ac-be505339bab7, Timeout acquiring threads.
[2026-04-17 18:57:50] [ABORT] 945d2783-6a09-47f1-a6dc-a18cc36b710d, Could not acquire threads after 3 attempts.
[2026-04-17 18:57:50] [ABORT] 15fd121a-790d-4a1e-a933-aaa954ed54c4, Could not acquire threads after 3 attempts.
[2026-04-17 18:57:52] [COMPLETED] 9f0ad618-6edb-4fcd-84ac-a8abd660b289, 57
[2026-04-17 18:57:52] [FAILED] d77ef015-a07d-4eb2-a904-08359a6a678c, Timeout acquiring threads.
[2026-04-17 18:57:52] [FAILED] bee30420-1c33-44a2-a5ac-be505339bab7, Timeout acquiring threads.
[2026-04-17 18:57:52] [FAILED] 44f94425-3b17-4b3f-8d7b-cd2c366b5045, Timeout acquiring threads.
[2026-04-17 18:57:54] [FAILED] b5ad5a1d-47b1-40b4-8e7d-0fce8aeb468b, Timeout acquiring threads.
[2026-04-17 18:57:54] [COMPLETED] d77ef015-a07d-4eb2-a904-08359a6a678c, 3686
[2026-04-17 18:57:55] [COMPLETED] 8a5b8e52-2895-4119-a7cc-bffbfbffc9d8, 68
[2026-04-17 18:57:56] [FAILED] 44f94425-3b17-4b3f-8d7b-cd2c366b5045, Job execution exceeded 2 seconds.
[2026-04-17 18:57:56] [FAILED] 00450737-9db8-4fb9-a3c8-362c9bc66a23, Timeout acquiring threads.
[2026-04-17 18:57:57] [FAILED] 13bc723d-c1fc-42b3-bd5b-f28f27648403, Timeout acquiring threads.
[2026-04-17 18:57:57] [ABORT] bee30420-1c33-44a2-a5ac-be505339bab7, Could not acquire threads after 3 attempts.
[2026-04-17 18:57:59] [FAILED] 13bc723d-c1fc-42b3-bd5b-f28f27648403, Timeout acquiring threads.
[2026-04-17 18:57:59] [ABORT] 44f94425-3b17-4b3f-8d7b-cd2c366b5045, Job execution exceeded 2 seconds.
[2026-04-17 18:57:59] [FAILED] 6f2d1f71-dec3-48e7-b7ae-4b84e5658421, Timeout acquiring threads.
[2026-04-17 18:57:59] [FAILED] b5ad5a1d-47b1-40b4-8e7d-0fce8aeb468b, Timeout acquiring threads.
[2026-04-17 18:57:59] [COMPLETED] 00450737-9db8-4fb9-a3c8-362c9bc66a23, 5047
[2026-04-17 18:58:01] [FAILED] 1852ded2-cb01-4756-9cb2-d21a84902947, Timeout acquiring threads.
[2026-04-17 18:58:01] [ABORT] 13bc723d-c1fc-42b3-bd5b-f28f27648403, Could not acquire threads after 3 attempts.
[2026-04-17 18:58:01] [FAILED] 8d608990-4cdd-45aa-a433-48bbd305c57c, Timeout acquiring threads.
[2026-04-17 18:58:02] [COMPLETED] 6f2d1f71-dec3-48e7-b7ae-4b84e5658421, 71
[2026-04-17 18:58:03] [FAILED] 1852ded2-cb01-4756-9cb2-d21a84902947, Timeout acquiring threads.
[2026-04-17 18:58:03] [FAILED] 606d0090-483c-4ba4-a453-818058418b02, Timeout acquiring threads.
[2026-04-17 18:58:03] [FAILED] 8d608990-4cdd-45aa-a433-48bbd305c57c, Timeout acquiring threads.
[2026-04-17 18:58:04] [ABORT] b5ad5a1d-47b1-40b4-8e7d-0fce8aeb468b, Could not acquire threads after 3 attempts.
[2026-04-17 18:58:04] [FAILED] 14d3acae-ef03-45a9-abe9-aa4bbc8461ff, Timeout acquiring threads.
[2026-04-17 18:58:05] [COMPLETED] 606d0090-483c-4ba4-a453-818058418b02, 66
[2026-04-17 18:58:06] [ABORT] 8d608990-4cdd-45aa-a433-48bbd305c57c, Could not acquire threads after 3 attempts.
[2026-04-17 18:58:06] [FAILED] 14d3acae-ef03-45a9-abe9-aa4bbc8461ff, Timeout acquiring threads.
[2026-04-17 18:58:07] [ABORT] 1852ded2-cb01-4756-9cb2-d21a84902947, Could not acquire threads after 3 attempts.
[2026-04-17 18:58:07] [FAILED] 8752ecc3-3edc-4f1f-8cce-f52c679a466e, Timeout acquiring threads.
[2026-04-17 18:58:09] [FAILED] 8752ecc3-3edc-4f1f-8cce-f52c679a466e, Timeout acquiring threads.
[2026-04-17 18:58:09] [ABORT] 14d3acae-ef03-45a9-abe9-aa4bbc8461ff, Could not acquire threads after 3 attempts.
[2026-04-17 18:58:09] [FAILED] 2cd83a10-6ac6-4800-9feb-e3308c166634, Timeout acquiring threads.
[2026-04-17 18:58:09] [FAILED] 8c3607d4-997c-4d5b-bb9c-32111b9809a4, Timeout acquiring threads.
[2026-04-17 18:58:11] [FAILED] 8c3607d4-997c-4d5b-bb9c-32111b9809a4, Timeout acquiring threads.
[2026-04-17 18:58:11] [FAILED] 2cd83a10-6ac6-4800-9feb-e3308c166634, Timeout acquiring threads.
[2026-04-17 18:58:11] [FAILED] 1eb3832e-8ee9-47bb-a234-fd0553cbbc5c, Timeout acquiring threads.
[2026-04-17 18:58:11] [COMPLETED] 8752ecc3-3edc-4f1f-8cce-f52c679a466e, 3657
[2026-04-17 18:58:11] [COMPLETED] 10da80f9-d00c-4aa7-bf6d-3caff54da113, 5030
[2026-04-17 18:58:13] [ABORT] 2cd83a10-6ac6-4800-9feb-e3308c166634, Could not acquire threads after 3 attempts.
[2026-04-17 18:58:13] [FAILED] 1eb3832e-8ee9-47bb-a234-fd0553cbbc5c, Timeout acquiring threads.
[2026-04-17 18:58:13] [FAILED] 09ef2584-c4d1-44c6-ab5d-a87863a109f4, Timeout acquiring threads.
[2026-04-17 18:58:13] [ABORT] 8c3607d4-997c-4d5b-bb9c-32111b9809a4, Could not acquire threads after 3 attempts.
[2026-04-17 18:58:14] [COMPLETED] 995a5737-b5ca-4564-ae8a-3f5858830881, 90
[2026-04-17 18:58:14] [COMPLETED] b1012ba3-3450-4ec7-9554-bccab0722a0c, 4465
[2026-04-17 18:58:14] [COMPLETED] 9493a143-6b98-437b-ad64-7881f9909c7a, 2742
[2026-04-17 18:58:16] [FAILED] eab81b2e-fbd2-4b30-96b1-3e75490dd5ca, Timeout acquiring threads.
[2026-04-17 18:58:16] [ABORT] 1eb3832e-8ee9-47bb-a234-fd0553cbbc5c, Could not acquire threads after 3 attempts.
[2026-04-17 18:58:16] [FAILED] 09ef2584-c4d1-44c6-ab5d-a87863a109f4, Job execution exceeded 2 seconds.
[2026-04-17 18:58:16] [FAILED] 6168bf38-8d68-4d91-8672-360aaa634f0a, Job execution exceeded 2 seconds.
[2026-04-17 18:58:18] [FAILED] eab81b2e-fbd2-4b30-96b1-3e75490dd5ca, Timeout acquiring threads.
[2026-04-17 18:58:18] [FAILED] 5ed0c6e5-1dc4-4fa6-b724-b12f04237a8d, Timeout acquiring threads.
[2026-04-17 18:58:20] [COMPLETED] 118a1ece-f2c1-4195-bc5e-1a81994bd72e, 29
[2026-04-17 18:58:20] [FAILED] 5ed0c6e5-1dc4-4fa6-b724-b12f04237a8d, Timeout acquiring threads.
[2026-04-17 18:58:20] [FAILED] 6168bf38-8d68-4d91-8672-360aaa634f0a, Job execution exceeded 2 seconds.
[2026-04-17 18:58:20] [ABORT] 09ef2584-c4d1-44c6-ab5d-a87863a109f4, Job execution exceeded 2 seconds.
[2026-04-17 18:58:21] [COMPLETED] ef84838a-c6ff-4e34-bd4e-ba8f13fc129c, 78
[2026-04-17 18:58:22] [ABORT] 5ed0c6e5-1dc4-4fa6-b724-b12f04237a8d, Could not acquire threads after 3 attempts.
[2026-04-17 18:58:22] [ABORT] 6168bf38-8d68-4d91-8672-360aaa634f0a, Could not acquire threads after 3 attempts.
[2026-04-17 18:58:22] [FAILED] d825fc4b-4ad0-4ce7-9333-472eea77de69, Timeout acquiring threads.
[2026-04-17 18:58:23] [ABORT] eab81b2e-fbd2-4b30-96b1-3e75490dd5ca, Could not acquire threads after 3 attempts.
[2026-04-17 18:58:23] [FAILED] 747575e6-ea0d-4785-b389-928f36707eb7, Timeout acquiring threads.
[2026-04-17 18:58:24] [COMPLETED] 0b94973b-3bc4-45b9-8cee-c5e140d0a2a9, 28
[2026-04-17 18:58:25] [COMPLETED] d825fc4b-4ad0-4ce7-9333-472eea77de69, 33
[2026-04-17 18:58:25] [FAILED] 747575e6-ea0d-4785-b389-928f36707eb7, Timeout acquiring threads.
[2026-04-17 18:58:26] [FAILED] 1eeaa915-41b9-47bf-80a1-b2185ee1064d, Timeout acquiring threads.
[2026-04-17 18:58:26] [COMPLETED] cb707050-19b0-44d1-b1ce-9c825196ca1d, 51
[2026-04-17 18:58:28] [COMPLETED] 1d2259e6-6ffb-4431-96bf-2923830ee9b4, 68
[2026-04-17 18:58:28] [FAILED] 1eeaa915-41b9-47bf-80a1-b2185ee1064d, Timeout acquiring threads.
[2026-04-17 18:58:28] [FAILED] 0cb2be59-8f40-4ace-b90b-b839d0f6d1f8, Timeout acquiring threads.
[2026-04-17 18:58:28] [FAILED] de913799-447d-4a92-a994-ae8c9b1cf0b7, Timeout acquiring threads.
[2026-04-17 18:58:28] [COMPLETED] 747575e6-ea0d-4785-b389-928f36707eb7, 971
[2026-04-17 18:58:30] [FAILED] 8f2e048f-76cf-4a67-9611-8d6bdd2d707a, Timeout acquiring threads.
[2026-04-17 18:58:30] [FAILED] 0cb2be59-8f40-4ace-b90b-b839d0f6d1f8, Timeout acquiring threads.
[2026-04-17 18:58:30] [ABORT] 1eeaa915-41b9-47bf-80a1-b2185ee1064d, Could not acquire threads after 3 attempts.
[2026-04-17 18:58:30] [FAILED] 5cc42da3-c9ff-491b-98e4-f0de47310af6, Timeout acquiring threads.
[2026-04-17 18:58:32] [COMPLETED] 8f2e048f-76cf-4a67-9611-8d6bdd2d707a, 31
[2026-04-17 18:58:32] [FAILED] de913799-447d-4a92-a994-ae8c9b1cf0b7, Job execution exceeded 2 seconds.
[2026-04-17 18:58:32] [FAILED] 5cc42da3-c9ff-491b-98e4-f0de47310af6, Timeout acquiring threads.
[2026-04-17 18:58:34] [FAILED] fb62a5a8-5ffe-47bb-a668-7a9b5a5f05cc, Timeout acquiring threads.
[2026-04-17 18:58:34] [ABORT] 0cb2be59-8f40-4ace-b90b-b839d0f6d1f8, Could not acquire threads after 3 attempts.
[2026-04-17 18:58:36] [FAILED] fb62a5a8-5ffe-47bb-a668-7a9b5a5f05cc, Timeout acquiring threads.
[2026-04-17 18:58:36] [ABORT] 5cc42da3-c9ff-491b-98e4-f0de47310af6, Could not acquire threads after 3 attempts.
[2026-04-17 18:58:36] [ABORT] de913799-447d-4a92-a994-ae8c9b1cf0b7, Job execution exceeded 2 seconds.
[2026-04-17 18:58:36] [COMPLETED] c986e395-d99d-4d1b-8a46-50caa8b760f8, 1033
[2026-04-17 18:58:38] [FAILED] 99e3faf5-3a86-4041-a2f2-11f83360fc16, Timeout acquiring threads.
[2026-04-17 18:58:38] [FAILED] a74cb872-f645-48a0-8899-ec170f3c18bd, Job execution exceeded 2 seconds.
[2026-04-17 18:58:38] [ABORT] fb62a5a8-5ffe-47bb-a668-7a9b5a5f05cc, Job execution exceeded 2 seconds.
[2026-04-17 18:58:38] [COMPLETED] d6f31015-5871-42cb-a8ad-933f72240716, 3903
[2026-04-17 18:58:40] [FAILED] 4dbb3dc4-e81e-4977-a382-21ee91d6d3ce, Job execution exceeded 2 seconds.
[2026-04-17 18:58:40] [FAILED] 51a52540-22f5-4653-b07c-544c6dfc90c2, Timeout acquiring threads.
[2026-04-17 18:58:40] [FAILED] 99e3faf5-3a86-4041-a2f2-11f83360fc16, Timeout acquiring threads.
[2026-04-17 18:58:40] [FAILED] a74cb872-f645-48a0-8899-ec170f3c18bd, Job execution exceeded 2 seconds.
[2026-04-17 18:58:40] [COMPLETED] 6a1dd0cd-b987-4e3d-a47a-8c108a7bb2c4, 35
[2026-04-17 18:58:41] [COMPLETED] 51a52540-22f5-4653-b07c-544c6dfc90c2, 79
[2026-04-17 18:58:42] [FAILED] 4dbb3dc4-e81e-4977-a382-21ee91d6d3ce, Job execution exceeded 2 seconds.
[2026-04-17 18:58:42] [COMPLETED] 99e3faf5-3a86-4041-a2f2-11f83360fc16, 2065
[2026-04-17 18:58:43] [ABORT] a74cb872-f645-48a0-8899-ec170f3c18bd, Job execution exceeded 2 seconds.
[2026-04-17 18:58:44] [FAILED] a3ff81ca-cc0f-4c3d-a78b-45857e80a58b, Timeout acquiring threads.
[2026-04-17 18:58:44] [FAILED] 2850a51d-0609-497e-9ec3-b83c2eec5618, Timeout acquiring threads.
[2026-04-17 18:58:44] [ABORT] 4dbb3dc4-e81e-4977-a382-21ee91d6d3ce, Job execution exceeded 2 seconds.
[2026-04-17 18:58:46] [FAILED] 3f9ccbb2-8eee-4159-be31-300f322bba6f, Timeout acquiring threads.
[2026-04-17 18:58:46] [FAILED] 2850a51d-0609-497e-9ec3-b83c2eec5618, Timeout acquiring threads.
[2026-04-17 18:58:46] [FAILED] a3ff81ca-cc0f-4c3d-a78b-45857e80a58b, Timeout acquiring threads.
[2026-04-17 18:58:46] [FAILED] 7d066ae6-318d-42fc-a177-7e40da047e7a, Timeout acquiring threads.
[2026-04-17 18:58:48] [ABORT] 2850a51d-0609-497e-9ec3-b83c2eec5618, Could not acquire threads after 3 attempts.
[2026-04-17 18:58:48] [ABORT] a3ff81ca-cc0f-4c3d-a78b-45857e80a58b, Could not acquire threads after 3 attempts.
[2026-04-17 18:58:48] [FAILED] 3f9ccbb2-8eee-4159-be31-300f322bba6f, Timeout acquiring threads.
[2026-04-17 18:58:48] [FAILED] 33444bd7-b78a-4e67-b7d7-c1e4b8d719fd, Timeout acquiring threads.
[2026-04-17 18:58:48] [COMPLETED] 7d066ae6-318d-42fc-a177-7e40da047e7a, 4794
